<?xml version="1.0" encoding="UTF-8"?>
<!-- Generated by org.testng.reporters.JUnitReportReporter -->
<testsuite hostname="DESKTOP-VBECCLN" failures="0" tests="1" name="org.automation.GroupExecutionClasses.Yash" time="6.620" errors="0" timestamp="2026-01-09T11:02:35 IST" skipped="0">
  <testcase classname="org.automation.GroupExecutionClasses.Yash" name="launchWikiPedia" time="6.620">
    <system-out>
      <![CDATA[Launching Yash Page]]>
    </system-out>
  </testcase> <!-- launchWikiPedia -->
  <system-out>
    <![CDATA[Launching SRK Page
Launching Allu Arjun Page
Launching Brahmanandam Page
Launching Riteish Deshmukh Page
Launching Yash Page
Launching Dulquer Salmaan Page]]>
  </system-out>
</testsuite> <!-- org.automation.GroupExecutionClasses.Yash -->
