<?xml version="1.0" encoding="UTF-8"?>
<!-- Generated by org.testng.reporters.JUnitReportReporter -->
<testsuite hostname="DESKTOP-VBECCLN" failures="0" tests="1" name="org.automation.BatchExecution.Harley" time="50.109" errors="0" timestamp="2026-01-08T11:13:39 IST" skipped="0">
  <testcase classname="org.automation.BatchExecution.Harley" name="launchingIron883" time="50.109">
    <system-out>
      <![CDATA[Launcing IRON 883]]>
    </system-out>
  </testcase> <!-- launchingIron883 -->
  <system-out>
    <![CDATA[Launching Bobber
Launching Z900
Launcing IRON 883]]>
  </system-out>
</testsuite> <!-- org.automation.BatchExecution.Harley -->
