<?xml version="1.0" encoding="UTF-8"?>
<!-- Generated by org.testng.reporters.JUnitReportReporter -->
<testsuite hostname="DESKTOP-VBECCLN" failures="0" tests="1" name="org.automation.GroupExecutionClasses.DLQ" time="3.156" errors="0" timestamp="2026-01-09T11:12:54 IST" skipped="0">
  <testcase classname="org.automation.GroupExecutionClasses.DLQ" name="launchWikiPedia" time="3.156">
    <system-out>
      <![CDATA[Launching Dulquer Salmaan Page]]>
    </system-out>
  </testcase> <!-- launchWikiPedia -->
  <system-out>
    <![CDATA[Launching SRK Page
Launching Allu Arjun Page
Launching Brahmanandam Page
Launching Dulquer Salmaan Page]]>
  </system-out>
</testsuite> <!-- org.automation.GroupExecutionClasses.DLQ -->
