<?xml version="1.0" encoding="UTF-8"?>
<!-- Generated by org.testng.reporters.JUnitReportReporter -->
<testsuite hostname="DESKTOP-VBECCLN" failures="0" tests="1" name="org.automation.org.automation.testNGAnootations.ConfigAnnotations" time="0.015" errors="0" timestamp="2026-01-13T11:28:38 IST" skipped="0">
  <testcase classname="org.automation.org.automation.testNGAnootations.ConfigAnnotations" name="testCase1" time="0.015">
    <system-out>
      <![CDATA[This is @test method]]>
    </system-out>
  </testcase> <!-- testCase1 -->
  <system-out>
    <![CDATA[This is @BeforeSuit Method
This is @BeforeTest Method
This is @BeforeClass Method
This is @BeforeMethod Method
This is @test method
This is @afterMethod Method
This is @afterClass Method
This is @afterTest Method
This is @AfterSuit Method]]>
  </system-out>
</testsuite> <!-- org.automation.org.automation.testNGAnootations.ConfigAnnotations -->
