<?xml version="1.0" encoding="UTF-8"?>
<!-- Generated by org.testng.reporters.JUnitReportReporter -->
<testsuite hostname="DESKTOP-VBECCLN" failures="0" tests="1" name="org.automation.GroupExecutionClasses.Ritesh" time="3.284" errors="0" timestamp="2026-01-09T11:08:19 IST" skipped="0">
  <testcase classname="org.automation.GroupExecutionClasses.Ritesh" name="launchWikiPedia" time="3.284">
    <system-out>
      <![CDATA[Launching Riteish Deshmukh Page]]>
    </system-out>
  </testcase> <!-- launchWikiPedia -->
  <system-out>
    <![CDATA[Launching SRK Page
Launching Allu Arjun Page
Launching Brahmanandam Page
Launching Riteish Deshmukh Page
Launching Dulquer Salmaan Page]]>
  </system-out>
</testsuite> <!-- org.automation.GroupExecutionClasses.Ritesh -->
