<?xml version="1.0" encoding="UTF-8"?>
<!-- Generated by org.testng.reporters.JUnitReportReporter -->
<testsuite hostname="DESKTOP-VBECCLN" failures="0" tests="1" name="org.automation.BatchExecution.Kawasaki" time="33.724" errors="0" timestamp="2026-01-08T11:13:39 IST" skipped="0">
  <testcase classname="org.automation.BatchExecution.Kawasaki" name="launchingZ900" time="33.724">
    <system-out>
      <![CDATA[Launching Z900]]>
    </system-out>
  </testcase> <!-- launchingZ900 -->
  <system-out>
    <![CDATA[Launching Bobber
Launching Z900
Launcing IRON 883]]>
  </system-out>
</testsuite> <!-- org.automation.BatchExecution.Kawasaki -->
