<?xml version="1.0" encoding="UTF-8"?>
<!-- Generated by org.testng.reporters.JUnitReportReporter -->
<testsuite hostname="DESKTOP-VBECCLN" failures="0" tests="1" name="org.automation.testNGLearning.Demo" time="0.022" errors="0" timestamp="2026-01-03T12:04:25 IST" skipped="0">
  <testcase classname="org.automation.testNGLearning.Demo" name="tset" time="0.022">
    <system-out>
      <![CDATA[Akshay]]>
    </system-out>
  </testcase> <!-- tset -->
  <system-out>
    <![CDATA[Akshay]]>
  </system-out>
</testsuite> <!-- org.automation.testNGLearning.Demo -->
