<?xml version="1.0" encoding="UTF-8"?>
<!-- Generated by org.testng.reporters.JUnitReportReporter -->
<testsuite hostname="DESKTOP-VBECCLN" failures="0" tests="1" name="org.automation.BatchExecution.Jawa" time="22.707" errors="0" timestamp="2026-01-08T11:13:39 IST" skipped="0">
  <testcase classname="org.automation.BatchExecution.Jawa" name="launchingBobber" time="22.707">
    <system-out>
      <![CDATA[Launching Bobber]]>
    </system-out>
  </testcase> <!-- launchingBobber -->
  <system-out>
    <![CDATA[Launching Bobber
Launching Z900
Launcing IRON 883]]>
  </system-out>
</testsuite> <!-- org.automation.BatchExecution.Jawa -->
