<?xml version="1.0" encoding="UTF-8"?>
<!-- Generated by org.testng.reporters.JUnitReportReporter -->
<testsuite hostname="DESKTOP-VBECCLN" failures="0" tests="1" name="org.automation.testNGFramework.TC_001_AddToCartTest" time="9.154" errors="0" timestamp="2026-01-14T12:19:48 IST" skipped="0">
  <testcase classname="org.automation.testNGFramework.TC_001_AddToCartTest" name="addToCart" time="9.154">
    <system-out>
      <![CDATA[TestCase addToCart has started
Product is added to Cart
TestCase addToCart has successfuly executed]]>
    </system-out>
  </testcase> <!-- addToCart -->
  <system-out>
    <![CDATA[<test> Test has started
TestCase addToCart has started
Product is added to Cart
TestCase addToCart has successfuly executed]]>
  </system-out>
</testsuite> <!-- org.automation.testNGFramework.TC_001_AddToCartTest -->
