<?xml version="1.0" encoding="UTF-8"?>
<!-- Generated by org.testng.reporters.JUnitReportReporter -->
<testsuite hostname="DESKTOP-VBECCLN" failures="0" tests="2" name="org.automation.testNGLearning.UsingTimeOutInTC" time="14.572" errors="0" timestamp="2026-01-07T11:20:49 IST" skipped="0">
  <testcase classname="org.automation.testNGLearning.UsingTimeOutInTC" name="launchingPurple" time="4.251"/>
  <testcase classname="org.automation.testNGLearning.UsingTimeOutInTC" name="launchTrimphTiger" time="10.321"/>
</testsuite> <!-- org.automation.testNGLearning.UsingTimeOutInTC -->
