<?xml version="1.0" encoding="UTF-8"?>
<!-- Generated by org.testng.reporters.JUnitXMLReporter -->
<testsuite ignored="0" hostname="DESKTOP-VBECCLN" failures="0" tests="4" name="Test1" time="32.735" errors="0" timestamp="2026-01-08T11:52:25 IST">
  <testcase classname="org.automation.parallelRun.Rahul" name="launchWiki" time="8.22"/>
  <testcase classname="org.automation.parallelRun.Jaiswal" name="launchWiki" time="5.88"/>
  <testcase classname="org.automation.parallelRun.Hardik" name="launchWiki" time="7.677"/>
  <testcase classname="org.automation.parallelRun.Bumrah" name="launchWiki" time="10.819"/>
</testsuite> <!-- Test1 -->
