<?xml version="1.0" encoding="UTF-8"?>
<!-- Generated by org.testng.reporters.JUnitXMLReporter -->
<testsuite ignored="0" hostname="DESKTOP-VBECCLN" failures="0" tests="4" name="Test2" time="31.307" errors="0" timestamp="2026-01-08T11:52:24 IST">
  <testcase classname="org.automation.parallelRun.Abhishek" name="launchWiki" time="8.265"/>
  <testcase classname="org.automation.parallelRun.Virat" name="launchWiki" time="7.027"/>
  <testcase classname="org.automation.parallelRun.Shreyash" name="launchWiki" time="6.947"/>
  <testcase classname="org.automation.parallelRun.Varun" name="launchWiki" time="8.906"/>
</testsuite> <!-- Test2 -->
