<?xml version="1.0" encoding="UTF-8"?>
<!-- Generated by org.testng.reporters.JUnitXMLReporter -->
<testsuite ignored="0" hostname="DESKTOP-VBECCLN" failures="0" tests="2" name="org.automation.dataDrivenTesting" time="0.171" errors="0" timestamp="2026-01-03T12:00:09 IST">
  <testcase classname="org.automation.dataDrivenTesting.FetchingDataFromExcel" name="testA" time="0.025"/>
  <testcase classname="org.automation.dataDrivenTesting.FetchingDataFromProperties" name="testB" time="0.004"/>
</testsuite> <!-- org.automation.dataDrivenTesting -->
